mode: atomic
cachex/cachex/router/route.go:20.93,25.2 4 0
cachex/cachex/router/route.go:31.94,35.2 3 0
cachex/cachex/cache/mocks/cache_mock.go:35.32,38.16 3 0
cachex/cachex/cache/mocks/cache_mock.go:38.16,40.3 1 0
cachex/cachex/cache/mocks/cache_mock.go:41.2,44.3 1 0
cachex/cachex/cache/mocks/cache_mock.go:47.29,50.2 2 0
cachex/cachex/cache/mocks/cache_mock.go:52.75,53.23 1 0
cachex/cachex/cache/mocks/cache_mock.go:53.23,57.3 3 0
cachex/cachex/cache/mocks/cache_mock.go:58.2,58.31 1 0
cachex/cachex/cache/mocks/cache_mock.go:61.102,62.23 1 0
cachex/cachex/cache/mocks/cache_mock.go:62.23,64.3 1 0
cachex/cachex/cache/mocks/cache_mock.go:65.2,65.50 1 0
cachex/cachex/cache/mocks/cache_mock.go:68.76,70.2 1 0
cachex/cachex/cache/mocks/cache_mock.go:72.74,73.24 1 0
cachex/cachex/cache/mocks/cache_mock.go:73.24,75.3 1 0
cachex/cachex/cache/mocks/cache_mock.go:76.2,76.41 1 0
cachex/cachex/cache/mocks/cache_mock.go:79.78,80.24 1 0
cachex/cachex/cache/mocks/cache_mock.go:80.24,82.3 1 0
cachex/cachex/cache/mocks/cache_mock.go:83.2,83.45 1 0
cachex/cachex/cache/mocks/tx_mock.go:15.85,17.2 1 0
cachex/cachex/cache/mocks/tx_mock.go:18.67,18.81 1 0
cachex/cachex/cache/mocks/tx_mock.go:19.67,19.81 1 0
cachex/cachex/cache/mocks/tx_mock.go:20.67,20.75 1 0
cachex/cachex/cache/mocks/tx_mock.go:21.67,21.83 1 0
cachex/cachex/utils/utils.go:9.40,10.23 1 0
cachex/cachex/utils/utils.go:11.17,12.42 1 0
cachex/cachex/utils/utils.go:13.20,14.20 1 0
cachex/cachex/utils/utils.go:15.22,16.15 1 0
cachex/cachex/utils/utils.go:16.15,18.4 1 0
cachex/cachex/utils/utils.go:19.3,19.18 1 0
cachex/cachex/utils/utils.go:20.23,21.27 1 0
cachex/cachex/utils/utils.go:21.27,23.4 1 0
cachex/cachex/utils/utils.go:24.3,24.18 1 0
cachex/cachex/utils/utils.go:25.10,26.30 1 0
cachex/cachex/hook/base.go:7.73,7.74 0 1
cachex/cachex/hook/base.go:8.73,8.74 0 1
cachex/cachex/hook/base.go:9.73,9.74 0 1
cachex/cachex/hook/base.go:10.73,10.74 0 1
cachex/cachex/hook/hook.go:19.64,20.28 1 1
cachex/cachex/hook/hook.go:20.28,22.3 1 0
cachex/cachex/hook/hook.go:25.73,26.27 1 1
cachex/cachex/hook/hook.go:26.27,28.3 1 0
cachex/cachex/hook/hook.go:31.64,32.28 1 1
cachex/cachex/hook/hook.go:32.28,34.3 1 0
cachex/cachex/hook/hook.go:36.74,37.36 1 1
cachex/cachex/hook/hook.go:37.36,39.3 1 0
cachex/cachex/hook/log.go:10.64,12.2 1 1
cachex/cachex/hook/log.go:14.73,16.2 1 1
cachex/cachex/hook/log.go:18.64,20.2 1 1
cachex/cachex/hook/log.go:22.74,24.2 1 1
cachex/cachex/hook/metrics.go:11.69,11.70 0 0
cachex/cachex/hook/metrics.go:12.77,14.9 2 1000
cachex/cachex/hook/metrics.go:14.9,16.3 1 500
cachex/cachex/hook/metrics.go:18.69,18.70 0 0
cachex/cachex/hook/metrics.go:20.79,20.80 0 0
cachex/cachex/hook/metrics.go:22.53,24.2 1 1
cachex/cachex/tx/gorm_tx.go:23.65,25.2 1 4
cachex/cachex/tx/gorm_tx.go:27.44,29.14 2 9
cachex/cachex/tx/gorm_tx.go:29.14,31.3 1 2
cachex/cachex/tx/gorm_tx.go:32.2,32.23 1 7
cachex/cachex/tx/gorm_tx.go:37.93,39.21 2 4
cachex/cachex/tx/gorm_tx.go:39.21,41.3 1 0
cachex/cachex/tx/gorm_tx.go:43.2,49.17 3 4
cachex/cachex/tx/gorm_tx.go:51.62,53.18 2 2
cachex/cachex/tx/gorm_tx.go:53.18,55.3 1 0
cachex/cachex/tx/gorm_tx.go:57.2,57.48 1 2
cachex/cachex/tx/gorm_tx.go:57.48,59.3 1 0
cachex/cachex/tx/gorm_tx.go:63.2,63.39 1 2
cachex/cachex/tx/gorm_tx.go:63.39,65.3 1 2
cachex/cachex/tx/gorm_tx.go:67.2,67.12 1 1
cachex/cachex/tx/gorm_tx.go:70.32,71.15 1 2
cachex/cachex/tx/gorm_tx.go:71.15,72.31 1 2
cachex/cachex/tx/gorm_tx.go:72.31,74.12 2 1
cachex/cachex/tx/gorm_tx.go:77.2,77.6 1 2
cachex/cachex/tx/gorm_tx.go:79.64,81.18 2 1
cachex/cachex/tx/gorm_tx.go:81.18,83.3 1 0
cachex/cachex/tx/gorm_tx.go:84.2,84.34 1 1
cachex/cachex/tx/gorm_tx.go:86.72,88.18 2 4
cachex/cachex/tx/gorm_tx.go:88.18,92.3 2 1
cachex/cachex/tx/gorm_tx.go:94.2,94.51 1 3
cachex/cachex/tx/gorm_tx.go:96.59,98.2 1 2
cachex/log/fields.go:15.35,17.2 1 2
cachex/log/fields.go:22.34,23.20 1 5
cachex/log/fields.go:23.20,25.3 1 0
cachex/log/fields.go:26.2,28.20 3 5
cachex/log/fields.go:28.20,29.30 1 8
cachex/log/fields.go:30.14,32.7 2 2
cachex/log/fields.go:33.15,34.23 1 6
cachex/log/fields.go:34.23,37.5 2 5
cachex/log/fields.go:37.10,40.5 2 1
cachex/log/fields.go:41.11,43.7 2 0
cachex/log/fields.go:46.2,46.19 1 5
cachex/log/fields.go:49.51,54.2 4 8
cachex/log/gorm_log.go:27.70,31.2 3 0
cachex/log/gorm_log.go:34.81,35.31 1 0
cachex/log/gorm_log.go:35.31,37.3 1 0
cachex/log/gorm_log.go:41.81,42.31 1 0
cachex/log/gorm_log.go:42.31,44.3 1 0
cachex/log/gorm_log.go:48.82,49.32 1 0
cachex/log/gorm_log.go:49.32,51.3 1 0
cachex/log/gorm_log.go:54.104,55.33 1 0
cachex/log/gorm_log.go:55.33,57.3 1 0
cachex/log/gorm_log.go:59.2,60.9 2 0
cachex/log/gorm_log.go:61.127,63.17 2 0
cachex/log/gorm_log.go:63.17,65.4 1 0
cachex/log/gorm_log.go:65.9,67.4 1 0
cachex/log/gorm_log.go:68.86,71.17 3 0
cachex/log/gorm_log.go:71.17,73.4 1 0
cachex/log/gorm_log.go:73.9,75.4 1 0
cachex/log/gorm_log.go:76.33,78.17 2 0
cachex/log/gorm_log.go:78.17,80.4 1 0
cachex/log/gorm_log.go:80.9,82.4 1 0
cachex/log/log.go:54.13,59.2 4 1
cachex/log/log.go:61.29,64.2 2 2
cachex/log/log.go:66.24,68.43 2 17
cachex/log/log.go:68.43,69.32 1 2
cachex/log/log.go:69.32,71.4 1 2
cachex/log/log.go:73.2,73.11 1 15
cachex/log/log.go:76.19,79.2 2 2
cachex/log/log.go:81.47,82.16 1 0
cachex/log/log.go:82.16,83.57 1 0
cachex/log/log.go:83.57,84.40 1 0
cachex/log/log.go:84.40,86.5 1 0
cachex/log/log.go:91.32,92.11 1 5
cachex/log/log.go:93.18,94.17 1 1
cachex/log/log.go:95.17,96.16 1 1
cachex/log/log.go:97.17,98.16 1 1
cachex/log/log.go:99.18,100.17 1 1
cachex/log/log.go:101.19,102.18 1 0
cachex/log/log.go:103.18,104.17 1 0
cachex/log/log.go:105.18,106.17 1 1
cachex/log/log.go:107.22,108.21 1 0
cachex/log/log.go:109.10,110.37 1 0
cachex/log/log.go:114.37,115.11 1 18
cachex/log/log.go:116.18,117.16 1 4
cachex/log/log.go:118.17,119.16 1 5
cachex/log/log.go:120.17,121.16 1 4
cachex/log/log.go:122.18,123.16 1 4
cachex/log/log.go:124.19,125.16 1 0
cachex/log/log.go:126.18,127.16 1 0
cachex/log/log.go:128.18,129.16 1 1
cachex/log/log.go:130.22,131.16 1 0
cachex/log/log.go:132.10,133.34 1 0
cachex/log/log.go:137.31,138.11 1 18
cachex/log/log.go:139.45,140.15 1 9
cachex/log/log.go:141.17,142.16 1 4
cachex/log/log.go:143.10,144.13 1 5
cachex/log/log.go:150.13,152.2 1 1
cachex/log/log.go:154.27,156.2 1 15
cachex/log/log.go:159.26,161.2 1 0
cachex/log/log.go:173.29,176.14 3 16
cachex/log/log.go:176.14,179.3 2 8
cachex/log/log.go:180.2,180.12 1 8
cachex/log/log.go:183.32,187.2 3 13
cachex/log/log.go:190.37,194.16 4 13
cachex/log/log.go:194.16,197.3 1 12
cachex/log/log.go:198.2,201.10 4 1
cachex/log/log.go:204.60,213.17 5 13
cachex/log/log.go:213.17,215.3 1 0
cachex/log/log.go:215.8,217.3 1 13
cachex/log/log.go:219.2,232.8 11 13
cachex/log/log.go:232.8,234.3 1 13
cachex/log/log.go:236.2,248.19 10 13
cachex/log/log.go:251.48,253.20 2 13
cachex/log/log.go:253.20,256.3 2 8
cachex/log/log.go:257.2,257.14 1 5
cachex/log/log.go:260.27,261.17 1 0
cachex/log/log.go:261.17,263.10 2 0
cachex/log/log.go:263.10,264.9 1 0
cachex/log/log.go:266.3,267.38 2 0
cachex/log/log.go:267.38,268.9 1 0
cachex/log/log.go:270.3,270.54 1 0
cachex/log/log.go:274.33,275.15 1 13
cachex/log/log.go:275.15,277.3 1 0
cachex/log/log.go:279.2,280.34 2 13
cachex/log/log.go:283.24,284.21 1 13
cachex/log/log.go:284.21,286.3 1 0
cachex/log/log.go:287.2,287.21 1 13
cachex/log/log.go:287.21,289.3 1 0
cachex/log/log.go:292.62,294.32 2 4
cachex/log/log.go:294.32,296.3 1 0
cachex/log/log.go:296.8,296.39 1 4
cachex/log/log.go:296.39,298.3 1 4
cachex/log/log.go:299.2,300.13 2 4
cachex/log/log.go:303.46,307.2 3 4
cachex/log/log.go:309.50,311.2 1 1
cachex/log/log.go:313.33,315.2 1 0
cachex/log/log.go:317.33,319.2 1 1
cachex/log/log.go:321.32,323.2 1 1
cachex/log/log.go:325.32,327.2 1 1
cachex/log/log.go:329.33,331.24 1 1
cachex/log/log.go:331.24,333.3 1 0
cachex/log/log.go:334.2,334.32 1 1
cachex/log/log.go:337.51,339.24 1 1
cachex/log/log.go:339.24,341.3 1 0
cachex/log/log.go:342.2,342.41 1 1
cachex/log/log.go:345.50,347.2 1 1
cachex/log/log.go:349.51,351.2 1 1
cachex/log/log.go:353.51,355.2 1 0
cachex/log/log.go:357.22,358.16 1 1
cachex/log/log.go:358.16,360.3 1 1
cachex/log/log.go:361.2,362.12 2 0
cachex/log/middleware.go:12.52,13.16 1 2
cachex/log/middleware.go:13.16,14.17 1 1
cachex/log/middleware.go:14.18,14.19 0 1
cachex/log/middleware.go:16.2,17.14 2 1
cachex/log/middleware.go:17.14,18.17 1 0
cachex/log/middleware.go:18.18,18.19 0 0
cachex/log/middleware.go:20.2,21.21 2 1
cachex/log/middleware.go:21.21,22.17 1 0
cachex/log/middleware.go:22.18,22.19 0 0
cachex/log/middleware.go:24.2,25.19 2 1
cachex/log/structured.go:8.36,9.24 1 2
cachex/log/structured.go:9.24,11.3 1 1
cachex/log/structured.go:12.2,13.22 2 1
cachex/log/structured.go:16.35,19.2 2 2
cachex/log/structured.go:21.35,24.2 2 1
cachex/log/structured.go:26.36,29.2 2 1
cachex/cachex/cache/base_model.go:45.47,58.2 2 19
cachex/cachex/cache/base_model.go:69.71,72.2 2 19
cachex/cachex/cache/base_model.go:73.72,76.2 2 0
cachex/cachex/cache/base_model.go:77.56,80.2 2 0
cachex/cachex/cache/base_model.go:82.81,85.2 2 0
cachex/cachex/cache/base_model.go:86.81,89.2 2 0
cachex/cachex/cache/base_model.go:90.61,94.2 2 0
cachex/cachex/cache/base_model.go:97.32,99.44 1 123
cachex/cachex/cache/base_model.go:99.44,101.3 1 1
cachex/cachex/cache/base_model.go:101.8,103.3 1 122
cachex/cachex/cache/base_model.go:104.2,104.49 1 123
cachex/cachex/cache/base_model.go:104.49,107.16 3 0
cachex/cachex/cache/base_model.go:107.16,109.4 1 0
cachex/cachex/cache/batch_get.go:18.64,20.37 1 2
cachex/cachex/cache/batch_get.go:20.37,22.3 1 0
cachex/cachex/cache/batch_get.go:24.2,30.64 4 2
cachex/cachex/cache/batch_get.go:30.64,35.33 3 2
cachex/cachex/cache/batch_get.go:35.33,37.4 1 4
cachex/cachex/cache/batch_get.go:39.3,40.17 2 2
cachex/cachex/cache/batch_get.go:40.17,43.12 3 0
cachex/cachex/cache/batch_get.go:46.3,47.32 2 2
cachex/cachex/cache/batch_get.go:47.32,50.18 2 4
cachex/cachex/cache/batch_get.go:50.18,53.13 3 2
cachex/cachex/cache/batch_get.go:56.4,57.32 2 2
cachex/cachex/cache/batch_get.go:57.32,60.13 2 0
cachex/cachex/cache/batch_get.go:63.4,64.69 2 2
cachex/cachex/cache/batch_get.go:64.69,68.13 4 0
cachex/cachex/cache/batch_get.go:71.4,72.9 2 2
cachex/cachex/cache/batch_get.go:74.3,74.96 1 2
cachex/cachex/cache/batch_get.go:78.2,78.22 1 2
cachex/cachex/cache/batch_get.go:78.22,80.17 2 1
cachex/cachex/cache/batch_get.go:80.17,83.4 2 0
cachex/cachex/cache/batch_get.go:85.3,87.31 2 1
cachex/cachex/cache/batch_get.go:87.31,100.4 5 2
cachex/cachex/cache/batch_get.go:103.3,103.30 1 1
cachex/cachex/cache/batch_get.go:103.30,104.31 1 2
cachex/cachex/cache/batch_get.go:104.31,111.5 1 0
cachex/cachex/cache/batch_get.go:116.2,117.25 2 2
cachex/cachex/cache/batch_get.go:117.25,118.33 1 4
cachex/cachex/cache/batch_get.go:118.33,120.4 1 4
cachex/cachex/cache/batch_get.go:123.2,123.17 1 2
cachex/cachex/cache/batch_get.go:127.70,135.58 3 1
cachex/cachex/cache/batch_get.go:135.58,138.21 2 1
cachex/cachex/cache/batch_get.go:138.21,140.4 1 1
cachex/cachex/cache/batch_get.go:142.3,151.17 5 1
cachex/cachex/cache/batch_get.go:151.17,154.4 2 0
cachex/cachex/cache/batch_get.go:155.3,157.29 2 1
cachex/cachex/cache/batch_get.go:157.29,159.4 1 2
cachex/cachex/cache/batch_get.go:163.2,164.25 2 1
cachex/cachex/cache/batch_get.go:164.25,165.33 1 2
cachex/cachex/cache/batch_get.go:165.33,167.4 1 2
cachex/cachex/cache/batch_get.go:170.2,170.17 1 1
cachex/cachex/cache/cache_db.go:102.23,103.20 1 22
cachex/cachex/cache/cache_db.go:103.20,105.3 1 1
cachex/cachex/cache/cache_db.go:106.2,106.29 1 22
cachex/cachex/cache/cache_db.go:106.29,108.3 1 1
cachex/cachex/cache/cache_db.go:109.2,109.29 1 22
cachex/cachex/cache/cache_db.go:109.29,111.3 1 1
cachex/cachex/cache/cache_db.go:112.2,112.33 1 22
cachex/cachex/cache/cache_db.go:112.33,114.3 1 22
cachex/cachex/cache/cache_db.go:115.2,115.27 1 22
cachex/cachex/cache/cache_db.go:115.27,117.3 1 22
cachex/cachex/cache/cache_db.go:118.2,118.31 1 22
cachex/cachex/cache/cache_db.go:118.31,120.3 1 22
cachex/cachex/cache/cache_db.go:121.2,121.33 1 22
cachex/cachex/cache/cache_db.go:121.33,123.3 1 22
cachex/cachex/cache/cache_db.go:124.2,124.17 1 22
cachex/cachex/cache/cache_db.go:124.17,126.3 1 1
cachex/cachex/cache/cache_db.go:127.2,127.21 1 22
cachex/cachex/cache/cache_db.go:127.21,129.3 1 19
cachex/cachex/cache/cache_db.go:130.2,130.22 1 22
cachex/cachex/cache/cache_db.go:130.22,132.3 1 22
cachex/cachex/cache/cache_db.go:133.2,133.23 1 22
cachex/cachex/cache/cache_db.go:133.23,135.3 1 22
cachex/cachex/cache/cache_db.go:136.2,137.10 2 22
cachex/cachex/cache/cache_db.go:140.40,142.2 1 1
cachex/cachex/cache/cache_db.go:143.55,145.2 1 11
cachex/cachex/cache/cache_db.go:147.75,149.31 2 2
cachex/cachex/cache/cache_db.go:149.31,154.3 3 1
cachex/cachex/cache/cache_db.go:155.2,155.16 1 1
cachex/cachex/cache/cache_db.go:155.16,158.3 2 0
cachex/cachex/cache/cache_db.go:159.2,159.10 1 1
cachex/cachex/cache/cache_db.go:161.68,164.28 2 116
cachex/cachex/cache/cache_db.go:164.28,166.3 1 1
cachex/cachex/cache/cache_db.go:168.77,169.28 1 54
cachex/cachex/cache/cache_db.go:169.28,171.3 1 1
cachex/cachex/cache/cache_db.go:173.68,174.28 1 9
cachex/cachex/cache/cache_db.go:174.28,176.3 1 0
cachex/cachex/cache/cache_db.go:178.78,179.28 1 3
cachex/cachex/cache/cache_db.go:179.28,181.3 1 0
cachex/cachex/cache/cache_get.go:17.34,18.16 1 5
cachex/cachex/cache/cache_get.go:18.16,20.3 1 4
cachex/cachex/cache/cache_get.go:21.2,21.20 1 1
cachex/cachex/cache/cache_get.go:44.52,51.42 5 111
cachex/cachex/cache/cache_get.go:51.42,52.24 1 3
cachex/cachex/cache/cache_get.go:52.24,55.4 2 1
cachex/cachex/cache/cache_get.go:56.3,58.16 3 2
cachex/cachex/cache/cache_get.go:62.2,62.38 1 108
cachex/cachex/cache/cache_get.go:62.38,64.17 2 108
cachex/cachex/cache/cache_get.go:64.17,67.25 3 46
cachex/cachex/cache/cache_get.go:67.25,70.5 2 0
cachex/cachex/cache/cache_get.go:71.4,74.18 4 46
cachex/cachex/cache/cache_get.go:76.3,76.33 1 62
cachex/cachex/cache/cache_get.go:76.33,79.4 2 0
cachex/cachex/cache/cache_get.go:80.3,80.74 1 62
cachex/cachex/cache/cache_get.go:84.2,85.64 2 62
cachex/cachex/cache/cache_get.go:85.64,87.39 1 5
cachex/cachex/cache/cache_get.go:87.39,89.18 2 5
cachex/cachex/cache/cache_get.go:89.18,90.26 1 1
cachex/cachex/cache/cache_get.go:90.26,92.6 1 0
cachex/cachex/cache/cache_get.go:93.5,95.19 3 1
cachex/cachex/cache/cache_get.go:100.3,112.17 6 4
cachex/cachex/cache/cache_get.go:112.17,113.82 1 1
cachex/cachex/cache/cache_get.go:113.82,119.5 5 1
cachex/cachex/cache/cache_get.go:120.4,121.19 2 0
cachex/cachex/cache/cache_get.go:125.3,125.39 1 3
cachex/cachex/cache/cache_get.go:125.39,137.4 6 3
cachex/cachex/cache/cache_get.go:138.3,138.17 1 3
cachex/cachex/cache/cache_get.go:141.2,141.16 1 62
cachex/cachex/cache/cache_get.go:141.16,142.46 1 1
cachex/cachex/cache/cache_get.go:142.46,144.4 1 0
cachex/cachex/cache/cache_get.go:145.3,145.18 1 1
cachex/cachex/cache/cache_get.go:147.2,147.14 1 61
cachex/cachex/cache/cache_get.go:147.14,150.3 2 0
cachex/cachex/cache/cache_get.go:152.2,152.20 1 61
cachex/cachex/cache/cache_get.go:163.73,168.37 3 2
cachex/cachex/cache/cache_get.go:168.37,175.17 3 0
cachex/cachex/cache/cache_get.go:175.17,176.47 1 0
cachex/cachex/cache/cache_get.go:176.47,179.5 2 0
cachex/cachex/cache/cache_get.go:180.4,180.38 1 0
cachex/cachex/cache/cache_get.go:182.3,182.30 1 0
cachex/cachex/cache/cache_get.go:185.2,190.16 4 2
cachex/cachex/cache/cache_get.go:190.16,193.23 3 1
cachex/cachex/cache/cache_get.go:193.23,195.4 1 0
cachex/cachex/cache/cache_get.go:196.3,196.23 1 1
cachex/cachex/cache/cache_get.go:198.2,198.32 1 1
cachex/cachex/cache/cache_get.go:198.32,201.3 2 0
cachex/cachex/cache/cache_get.go:202.2,214.16 7 1
cachex/cachex/cache/cache_get.go:214.16,217.3 2 0
cachex/cachex/cache/cache_get.go:218.2,218.15 1 1
cachex/cachex/cache/cache_get.go:218.15,222.3 3 0
cachex/cachex/cache/cache_get.go:225.2,236.29 5 1
cachex/cachex/cache/cache_get.go:242.76,243.60 1 1
cachex/cachex/cache/cache_get.go:243.60,246.3 2 0
cachex/cachex/cache/cache_get.go:248.2,252.37 3 1
cachex/cachex/cache/cache_get.go:252.37,254.17 2 0
cachex/cachex/cache/cache_get.go:254.17,256.4 1 0
cachex/cachex/cache/cache_get.go:257.3,257.18 1 0
cachex/cachex/cache/cache_get.go:257.18,259.4 1 0
cachex/cachex/cache/cache_get.go:260.3,260.26 1 0
cachex/cachex/cache/cache_get.go:263.2,268.16 4 1
cachex/cachex/cache/cache_get.go:268.16,271.23 3 0
cachex/cachex/cache/cache_get.go:271.23,273.4 1 0
cachex/cachex/cache/cache_get.go:274.3,274.23 1 0
cachex/cachex/cache/cache_get.go:276.2,276.32 1 1
cachex/cachex/cache/cache_get.go:276.32,279.3 2 0
cachex/cachex/cache/cache_get.go:280.2,287.16 4 1
cachex/cachex/cache/cache_get.go:287.16,291.3 3 1
cachex/cachex/cache/cache_get.go:292.2,292.17 1 0
cachex/cachex/cache/cache_get.go:292.17,296.3 3 0
cachex/cachex/cache/cache_get.go:299.2,309.25 4 0
cachex/cachex/cache/cache_insert.go:15.56,21.47 3 1
cachex/cachex/cache/cache_insert.go:21.47,24.3 2 0
cachex/cachex/cache/cache_insert.go:28.2,28.48 1 1
cachex/cachex/cache/cache_insert.go:28.48,32.3 3 1
cachex/cachex/cache/cache_insert.go:33.2,33.12 1 1
cachex/cachex/cache/cache_list.go:39.23,42.60 1 6
cachex/cachex/cache/cache_list.go:42.60,45.3 2 0
cachex/cachex/cache/cache_list.go:46.2,46.61 1 6
cachex/cachex/cache/cache_list.go:46.61,49.3 2 2
cachex/cachex/cache/cache_list.go:51.2,51.15 1 4
cachex/cachex/cache/cache_list.go:51.15,53.3 1 0
cachex/cachex/cache/cache_list.go:55.2,60.37 3 4
cachex/cachex/cache/cache_list.go:60.37,62.3 1 0
cachex/cachex/cache/cache_list.go:65.2,65.30 1 4
cachex/cachex/cache/cache_list.go:65.30,68.3 2 2
cachex/cachex/cache/cache_list.go:71.2,84.16 4 2
cachex/cachex/cache/cache_list.go:84.16,90.52 4 1
cachex/cachex/cache/cache_list.go:90.52,94.18 2 1
cachex/cachex/cache/cache_list.go:94.18,96.5 1 0
cachex/cachex/cache/cache_list.go:97.4,97.30 1 1
cachex/cachex/cache/cache_list.go:100.3,100.69 1 0
cachex/cachex/cache/cache_list.go:103.2,103.46 1 1
cachex/cachex/cache/cache_list.go:103.46,105.3 1 0
cachex/cachex/cache/cache_list.go:108.2,114.16 2 1
cachex/cachex/cache/cache_list.go:114.16,116.45 1 0
cachex/cachex/cache/cache_list.go:116.45,119.4 2 0
cachex/cachex/cache/cache_list.go:120.3,121.21 2 0
cachex/cachex/cache/cache_list.go:124.2,124.19 1 1
cachex/cachex/cache/cache_list.go:124.19,126.3 1 0
cachex/cachex/cache/cache_list.go:129.2,134.60 2 1
cachex/cachex/cache/cache_list.go:134.60,144.3 4 1
cachex/cachex/cache/cache_list.go:147.2,148.16 2 1
cachex/cachex/cache/cache_list.go:148.16,150.3 1 0
cachex/cachex/cache/cache_list.go:151.2,151.25 1 1
cachex/cachex/cache/cache_list.go:159.3,163.2 3 0
cachex/cachex/cache/cache_update.go:27.26,37.46 6 3
cachex/cachex/cache/cache_update.go:37.46,40.3 2 1
cachex/cachex/cache/cache_update.go:43.2,43.36 1 3
cachex/cachex/cache/cache_update.go:43.36,45.17 2 0
cachex/cachex/cache/cache_update.go:45.17,48.4 2 0
cachex/cachex/cache/cache_update.go:51.2,52.22 2 3
cachex/cachex/cache/cache_update.go:52.22,55.3 2 0
cachex/cachex/cache/cache_update.go:56.2,56.27 1 3
cachex/cachex/cache/cache_update.go:56.27,59.3 2 1
cachex/cachex/cache/cache_update.go:61.2,61.23 1 2
cachex/cachex/cache/cache_update.go:61.23,73.37 7 2
cachex/cachex/cache/cache_update.go:73.37,75.4 1 0
cachex/cachex/cache/cache_update.go:76.3,76.52 1 2
cachex/cachex/cache/cache_update.go:81.2,86.8 2 2
cachex/cachex/cache/cache_update.go:103.9,108.38 2 1
cachex/cachex/cache/cache_update.go:108.38,111.3 2 0
cachex/cachex/cache/cache_update.go:114.2,114.48 1 1
cachex/cachex/cache/cache_update.go:114.48,121.3 6 1
cachex/cachex/cache/cache_update.go:123.2,123.12 1 1
cachex/cachex/cache/condition.go:31.52,32.26 1 6
cachex/cachex/cache/condition.go:32.26,33.17 1 6
cachex/cachex/cache/condition.go:33.17,35.4 1 0
cachex/cachex/cache/condition.go:36.3,36.19 1 6
cachex/cachex/cache/condition.go:36.19,38.4 1 3
cachex/cachex/cache/condition.go:40.2,40.13 1 3
cachex/cachex/cache/condition.go:45.72,46.26 1 5
cachex/cachex/cache/condition.go:46.26,47.48 1 5
cachex/cachex/cache/condition.go:47.48,49.4 1 1
cachex/cachex/cache/condition.go:50.3,50.15 1 4
cachex/cachex/cache/condition.go:51.13,52.42 1 1
cachex/cachex/cache/condition.go:53.41,54.57 1 2
cachex/cachex/cache/condition.go:55.13,56.43 1 0
cachex/cachex/cache/condition.go:57.11,60.39 2 1
cachex/cachex/cache/condition.go:63.2,63.16 1 3
cachex/cachex/cache/condition.go:73.82,76.26 2 0
cachex/cachex/cache/condition.go:76.26,78.3 1 0
cachex/cachex/cache/condition.go:80.2,82.16 3 0
cachex/cachex/cache/condition.go:82.16,83.46 1 0
cachex/cachex/cache/condition.go:83.46,85.4 1 0
cachex/cachex/cache/condition.go:86.3,87.18 2 0
cachex/cachex/cache/condition.go:90.2,90.21 1 0
cachex/cachex/cache/condition.go:92.82,95.26 2 1
cachex/cachex/cache/condition.go:95.26,97.3 1 1
cachex/cachex/cache/condition.go:99.2,101.16 3 1
cachex/cachex/cache/condition.go:101.16,104.3 2 0
cachex/cachex/cache/condition.go:105.2,105.16 1 1
cachex/cachex/cache/condition.go:105.16,108.3 2 1
cachex/cachex/cache/condition.go:109.2,109.24 1 0
cachex/cachex/cache/key_builder.go:12.54,14.2 1 128
cachex/cachex/cache/key_builder.go:17.71,19.2 1 3
cachex/cachex/cache/key_builder.go:25.10,35.26 2 4
cachex/cachex/cache/key_builder.go:35.26,40.3 4 6
cachex/cachex/cache/key_builder.go:42.2,42.51 1 4
cachex/cachex/cache/key_builder.go:52.10,70.29 7 2
cachex/cachex/cache/key_builder.go:70.29,71.12 1 2
cachex/cachex/cache/key_builder.go:71.12,73.4 1 0
cachex/cachex/cache/key_builder.go:74.3,76.48 3 2
cachex/cachex/cache/key_builder.go:80.2,89.20 7 2
cachex/cachex/cache/list_db.go:14.23,20.16 4 2
cachex/cachex/cache/list_db.go:20.16,23.3 2 0
cachex/cachex/cache/list_db.go:25.2,26.50 2 2
cachex/cachex/cache/list_db.go:26.50,29.3 2 0
cachex/cachex/cache/list_db.go:31.2,31.16 1 2
cachex/cachex/cache/list_db.go:31.16,33.3 1 1
cachex/cachex/cache/list_db.go:35.2,43.16 4 1
cachex/cachex/cache/list_db.go:43.16,46.3 2 0
cachex/cachex/cache/list_db.go:48.2,49.25 2 1
cachex/cachex/cache/list_db.go:58.42,64.16 3 1
cachex/cachex/cache/list_db.go:64.16,67.3 2 0
cachex/cachex/cache/list_db.go:70.2,70.49 1 1
cachex/cachex/cache/list_db.go:70.49,73.3 2 0
cachex/cachex/cache/list_db.go:74.2,74.16 1 1
cachex/cachex/cache/list_db.go:74.16,76.3 1 0
cachex/cachex/cache/list_db.go:79.2,87.16 4 1
cachex/cachex/cache/list_db.go:87.16,90.3 2 0
cachex/cachex/cache/list_db.go:91.2,94.18 2 1
cachex/cachex/cache/list_db.go:94.18,96.39 2 2
cachex/cachex/cache/list_db.go:96.39,98.4 1 0
cachex/cachex/cache/list_db.go:99.3,99.24 1 2
cachex/cachex/cache/list_db.go:102.2,103.8 2 1
cachex/cachex/cache/local_cache.go:17.55,18.14 1 115
cachex/cachex/cache/local_cache.go:18.14,20.3 1 102
cachex/cachex/cache/local_cache.go:21.2,22.9 2 13
cachex/cachex/cache/local_cache.go:22.9,24.3 1 8
cachex/cachex/cache/local_cache.go:26.2,28.43 2 5
cachex/cachex/cache/local_cache.go:28.43,31.3 2 1
cachex/cachex/cache/local_cache.go:33.2,33.23 1 4
cachex/cachex/cache/local_cache.go:36.71,37.14 1 54
cachex/cachex/cache/local_cache.go:37.14,39.3 1 44
cachex/cachex/cache/local_cache.go:40.2,43.4 1 10
cachex/cachex/cache/local_cache.go:46.38,47.14 1 5
cachex/cachex/cache/local_cache.go:47.14,49.3 1 1
cachex/cachex/cache/local_cache.go:50.2,50.20 1 4
cachex/cachex/cache/order.go:16.39,17.25 1 0
cachex/cachex/cache/order.go:17.25,18.43 1 0
cachex/cachex/cache/order.go:18.43,20.4 1 0
cachex/cachex/cache/order.go:21.3,21.52 1 0
cachex/cachex/cache/order.go:21.52,23.4 1 0
cachex/cachex/cache/order.go:25.2,25.12 1 0
cachex/cachex/cache/order.go:27.50,28.25 1 2
cachex/cachex/cache/order.go:28.25,30.3 1 0
cachex/cachex/cache/order.go:31.2,31.11 1 2
cachex/cachex/cache/order.go:33.38,35.25 2 6
cachex/cachex/cache/order.go:35.25,40.3 4 0
cachex/cachex/cache/order.go:41.2,41.19 1 6
cachex/cachex/cache/redis.go:22.77,25.2 1 0
cachex/cachex/cache/redis.go:26.76,29.2 1 0
cachex/cachex/cache/redis.go:30.112,33.16 2 1
cachex/cachex/cache/redis.go:33.16,36.3 2 1
cachex/cachex/cache/redis.go:37.2,37.17 1 0
cachex/cachex/cache/redis.go:40.75,42.16 2 0
cachex/cachex/cache/redis.go:42.16,44.3 1 0
cachex/cachex/cache/redis.go:45.2,45.15 1 0
cachex/cachex/cache/redis.go:48.87,50.16 2 0
cachex/cachex/cache/redis.go:50.16,52.3 1 0
cachex/cachex/cache/redis.go:53.2,53.15 1 0
cachex/cachex/cache/transaction.go:19.94,25.16 5 2
cachex/cachex/cache/transaction.go:25.16,28.3 2 0
cachex/cachex/cache/transaction.go:30.2,30.32 1 2
cachex/cachex/cache/transaction.go:30.32,34.3 3 1
cachex/cachex/cache/transaction.go:36.2,36.50 1 1
cachex/cachex/cache/transaction.go:36.50,39.3 2 0
cachex/cachex/cache/transaction.go:40.2,41.12 2 1
cachex/cachex/cache/validator.go:8.40,9.37 1 5
cachex/cachex/cache/validator.go:9.37,11.3 1 1
cachex/cachex/cache/validator.go:12.2,12.12 1 4
cachex/cachex/cache/validator.go:17.56,18.54 1 9
cachex/cachex/cache/validator.go:18.54,20.3 1 4
cachex/cachex/cache/validator.go:21.2,21.12 1 5
cachex/cachex/cache/validator.go:23.68,24.41 1 8
cachex/cachex/cache/validator.go:24.41,26.3 1 1
cachex/cachex/cache/validator.go:27.2,27.12 1 7
